0 info it worked if it ends with ok
1 verbose cli [ '/usr/local/Cellar/node/0.10.26/bin/node',
1 verbose cli   '/usr/local/bin/npm',
1 verbose cli   'install',
1 verbose cli   'Excalibur' ]
2 info using npm@1.4.3
3 info using node@v0.10.26
4 verbose readDependencies using package.json deps
5 verbose cache add [ 'Excalibur', null ]
6 verbose cache add name=undefined spec="Excalibur" args=["Excalibur",null]
7 verbose parsed url { protocol: null,
7 verbose parsed url   slashes: null,
7 verbose parsed url   auth: null,
7 verbose parsed url   host: null,
7 verbose parsed url   port: null,
7 verbose parsed url   hostname: null,
7 verbose parsed url   hash: null,
7 verbose parsed url   search: null,
7 verbose parsed url   query: null,
7 verbose parsed url   pathname: 'Excalibur',
7 verbose parsed url   path: 'Excalibur',
7 verbose parsed url   href: 'Excalibur' }
8 silly lockFile 033091d9-Excalibur Excalibur
9 verbose lock Excalibur /Users/laux/.npm/033091d9-Excalibur.lock
10 silly lockFile 033091d9-Excalibur Excalibur
11 silly lockFile 033091d9-Excalibur Excalibur
12 verbose addNamed [ 'Excalibur', '' ]
13 verbose addNamed [ null, '*' ]
14 silly lockFile 7314c48a-Excalibur Excalibur@
15 verbose lock Excalibur@ /Users/laux/.npm/7314c48a-Excalibur.lock
16 silly addNameRange { name: 'Excalibur', range: '*', hasData: false }
17 verbose url raw Excalibur
18 verbose url resolving [ 'https://registry.npmjs.org/', './Excalibur' ]
19 verbose url resolved https://registry.npmjs.org/Excalibur
20 info trying registry request attempt 1 at 10:52:03
21 http GET https://registry.npmjs.org/Excalibur
22 http 404 https://registry.npmjs.org/Excalibur
23 silly registry.get cb [ 404,
23 silly registry.get   { date: 'Fri, 18 Apr 2014 15:52:04 GMT',
23 silly registry.get     server: 'CouchDB/1.6.0+build.fauxton-91-g5a2864b (Erlang OTP/R14B04)',
23 silly registry.get     'content-type': 'application/json',
23 silly registry.get     via: '1.1 varnish',
23 silly registry.get     'cache-control': 'max-age=0',
23 silly registry.get     'content-length': '52',
23 silly registry.get     'accept-ranges': 'bytes',
23 silly registry.get     age: '0',
23 silly registry.get     'x-served-by': 'cache-v42-ASH, cache-c100-CHI',
23 silly registry.get     'x-cache': 'MISS, MISS',
23 silly registry.get     'x-cache-hits': '0, 0',
23 silly registry.get     'x-timer': 'S1397836323.921781301,VS0,VS10,VE110,VE119',
23 silly registry.get     'keep-alive': 'timeout=10, max=50',
23 silly registry.get     connection: 'Keep-Alive' } ]
24 silly lockFile 7314c48a-Excalibur Excalibur@
25 silly lockFile 7314c48a-Excalibur Excalibur@
26 error 404 'Excalibur' is not in the npm registry.
26 error 404 You should bug the author to publish it
26 error 404 It was specified as a dependency of 'application-name'
26 error 404
26 error 404 Note that you can also install from a
26 error 404 tarball, folder, or http url, or git url.
27 error System Darwin 13.1.0
28 error command "/usr/local/Cellar/node/0.10.26/bin/node" "/usr/local/bin/npm" "install" "Excalibur"
29 error cwd /Users/laux/Dropbox/github/excalibur_demo
30 error node -v v0.10.26
31 error npm -v 1.4.3
32 error code E404
33 verbose exit [ 1, true ]
